TN:
SF:src/hooks/Theme.tsx
FN:19,ThemeHookProvider
FN:22,setTheme
FN:42,useThemeHook
FNF:3
FNH:0
FNDA:0,ThemeHookProvider
FNDA:0,setTheme
FNDA:0,useThemeHook
DA:17,0
DA:20,0
DA:23,0
DA:24,0
DA:25,0
DA:26,0
DA:29,0
DA:43,0
DA:45,0
LF:9
LH:0
BRDA:24,0,0,0
BRDA:24,0,1,0
BRDA:25,1,0,0
BRDA:25,1,1,0
BRF:4
BRH:0
end_of_record
TN:
SF:src/hooks/index.tsx
FN:9,AppProvider
FNF:1
FNH:0
FNDA:0,AppProvider
DA:10,0
LF:1
LH:0
BRF:0
BRH:0
end_of_record
TN:
SF:src/routes/index.tsx
FN:8,Routes
FNF:1
FNH:0
FNDA:0,Routes
DA:9,0
DA:10,0
LF:2
LH:0
BRF:0
BRH:0
end_of_record
TN:
SF:src/screens/private/Home/index.tsx
FN:11,Home
FN:14,(anonymous_1)
FNF:2
FNH:0
FNDA:0,Home
FNDA:0,(anonymous_1)
DA:12,0
DA:14,0
DA:15,0
DA:18,0
DA:25,0
LF:5
LH:0
BRF:0
BRH:0
end_of_record
TN:
SF:src/screens/public/LogIn/index.tsx
FN:8,LogIn
FNF:1
FNH:0
FNDA:0,LogIn
DA:10,0
LF:1
LH:0
BRF:0
BRH:0
end_of_record
